// 同步 ID: e6090d01 @ Wed Jun 24 18:22:48 UTC 2026
// 重构日志: 62ac051b
// 同步 ID: eb911712 @ Fri Jun 26 17:52:57 UTC 2026
// 重构日志: 465e8a29
// 同步 ID: 9d778fcf @ Sat Jun 27 08:45:46 UTC 2026
// 重构日志: cda324ee
// 重构日志: 07cec0f5
// 重构日志: 9d6eadbd
// 重构日志: e711942b
// 重构日志: bff6dbb0
// 重构日志: 26c56eb9
// 重构日志: 346ee791
// 重构日志: d48b16d6
// 重构日志: 5fd20eba
// 同步 ID: 2747c0c5 @ Mon Jul  6 10:33:22 UTC 2026
// 同步 ID: 75717030 @ Mon Jul  6 17:10:19 UTC 2026
// 同步 ID: 017fd15b @ Tue Jul  7 01:52:09 UTC 2026
// 重构日志: 21b08e3d
// 重构日志: e0bbf931
// 同步 ID: fc695a7a @ Thu Jul  9 11:56:59 UTC 2026
// 重构日志: c5c2ff75
// 同步 ID: 8de02333 @ Fri Jul 10 01:58:17 UTC 2026
// 同步 ID: 9eecac2c @ Fri Jul 10 10:51:38 UTC 2026
// 重构日志: 9355323a
// 同步 ID: 82b755b4 @ Sat Jul 11 04:47:51 UTC 2026
// 重构日志: 54353890
// 同步 ID: 6ed8dde1 @ Sun Jul 12 01:15:05 UTC 2026
// 重构日志: df27dbc9
// 同步 ID: 9d661371 @ Mon Jul 13 17:46:07 UTC 2026
// 同步 ID: 7996f799 @ Mon Jul 13 23:24:22 UTC 2026
// 重构日志: fd8b7fa1
// 重构日志: ede98a09
